<?xml version="1.0" encoding="UTF-8"?>
<testsuite name="com.project.carent.repository.CarRepositoryTest" tests="1" skipped="0" failures="0" errors="0" timestamp="2020-11-09T21:07:15" hostname="DESKTOP-C7TG0DT" time="0.627">
  <properties/>
  <testcase name="WhenUpdateValid_thenChangeProperly" classname="com.project.carent.repository.CarRepositoryTest" time="0.627"/>
  <system-out><![CDATA[23:07:06.047 [Test worker] DEBUG org.springframework.test.annotation.ProfileValueUtils - Retrieved @ProfileValueSourceConfiguration [null] for test class [com.project.carent.repository.CarRepositoryTest]
23:07:06.048 [Test worker] DEBUG org.springframework.test.annotation.ProfileValueUtils - Retrieved ProfileValueSource type [class org.springframework.test.annotation.SystemProfileValueSource] for class [com.project.carent.repository.CarRepositoryTest]
23:07:06.049 [Test worker] DEBUG org.springframework.test.annotation.ProfileValueUtils - Retrieved @ProfileValueSourceConfiguration [null] for test class [com.project.carent.repository.CarRepositoryTest]
23:07:06.049 [Test worker] DEBUG org.springframework.test.annotation.ProfileValueUtils - Retrieved ProfileValueSource type [class org.springframework.test.annotation.SystemProfileValueSource] for class [com.project.carent.repository.CarRepositoryTest]
23:07:06.060 [Test worker] DEBUG org.springframework.test.context.support.AbstractDirtiesContextTestExecutionListener - Before test class: context [DefaultTestContext@20389d58 testClass = CarRepositoryTest, testInstance = [null], testMethod = [null], testException = [null], mergedContextConfiguration = [WebMergedContextConfiguration@2f1160af testClass = CarRepositoryTest, locations = '{}', classes = '{class com.project.carent.CarentApplication}', contextInitializerClasses = '[]', activeProfiles = '{}', propertySourceLocations = '{}', propertySourceProperties = '{org.springframework.boot.test.context.SpringBootTestContextBootstrapper=true}', contextCustomizers = set[org.springframework.boot.test.autoconfigure.properties.PropertyMappingContextCustomizer@0, org.springframework.boot.test.autoconfigure.web.servlet.WebDriverContextCustomizerFactory$Customizer@22d48430, org.springframework.boot.test.context.filter.ExcludeFilterContextCustomizer@3ed9de18, org.springframework.boot.test.json.DuplicateJsonObjectContextCustomizerFactory$DuplicateJsonObjectContextCustomizer@6e7c68c4, org.springframework.boot.test.mock.mockito.MockitoContextCustomizer@0, org.springframework.boot.test.web.client.TestRestTemplateContextCustomizer@72343aec, org.springframework.boot.test.context.SpringBootTestArgs@1, org.springframework.boot.test.context.SpringBootTestWebEnvironment@269feee4], resourceBasePath = 'src/main/webapp', contextLoader = 'org.springframework.boot.test.context.SpringBootContextLoader', parent = [null]], attributes = map['org.springframework.test.context.web.ServletTestExecutionListener.activateListener' -> true]], class annotated with @DirtiesContext [false] with mode [null].
23:07:06.065 [Test worker] DEBUG org.springframework.test.annotation.ProfileValueUtils - Retrieved @ProfileValueSourceConfiguration [null] for test class [com.project.carent.repository.CarRepositoryTest]
23:07:06.066 [Test worker] DEBUG org.springframework.test.annotation.ProfileValueUtils - Retrieved ProfileValueSource type [class org.springframework.test.annotation.SystemProfileValueSource] for class [com.project.carent.repository.CarRepositoryTest]
23:07:06.127 [Test worker] DEBUG org.springframework.test.context.support.TestPropertySourceUtils - Adding inlined properties to environment: {spring.jmx.enabled=false, org.springframework.boot.test.context.SpringBootTestContextBootstrapper=true}

  .   ____          _            __ _ _
 /\\ / ___'_ __ _ _(_)_ __  __ _ \ \ \ \
( ( )\___ | '_ | '_| | '_ \/ _` | \ \ \ \
 \\/  ___)| |_)| | | | | || (_| |  ) ) ) )
  '  |____| .__|_| |_|_| |_\__, | / / / /
 =========|_|==============|___/=/_/_/_/
 :: Spring Boot ::        (v2.3.5.RELEASE)

2020-11-09 23:07:06.738  INFO 8524 --- [    Test worker] c.p.carent.repository.CarRepositoryTest  : Starting CarRepositoryTest on DESKTOP-C7TG0DT with PID 8524 (started by gevel in C:\Users\gevel\carentProject\Carent)
2020-11-09 23:07:06.742  INFO 8524 --- [    Test worker] c.p.carent.repository.CarRepositoryTest  : No active profile set, falling back to default profiles: default
2020-11-09 23:07:08.213  INFO 8524 --- [    Test worker] .s.d.r.c.RepositoryConfigurationDelegate : Bootstrapping Spring Data JPA repositories in DEFERRED mode.
2020-11-09 23:07:08.362  INFO 8524 --- [    Test worker] .s.d.r.c.RepositoryConfigurationDelegate : Finished Spring Data repository scanning in 131ms. Found 3 JPA repository interfaces.
2020-11-09 23:07:09.503  INFO 8524 --- [    Test worker] o.s.s.concurrent.ThreadPoolTaskExecutor  : Initializing ExecutorService 'applicationTaskExecutor'
2020-11-09 23:07:09.627  INFO 8524 --- [         task-1] o.hibernate.jpa.internal.util.LogHelper  : HHH000204: Processing PersistenceUnitInfo [name: default]
2020-11-09 23:07:09.776  INFO 8524 --- [         task-1] org.hibernate.Version                    : HHH000412: Hibernate ORM core version 5.4.22.Final
2020-11-09 23:07:10.158  WARN 8524 --- [    Test worker] JpaBaseConfiguration$JpaWebConfiguration : spring.jpa.open-in-view is enabled by default. Therefore, database queries may be performed during view rendering. Explicitly configure spring.jpa.open-in-view to disable this warning
2020-11-09 23:07:10.226  INFO 8524 --- [         task-1] o.hibernate.annotations.common.Version   : HCANN000001: Hibernate Commons Annotations {5.1.0.Final}
2020-11-09 23:07:10.796  INFO 8524 --- [         task-1] com.zaxxer.hikari.HikariDataSource       : HikariPool-1 - Starting...
2020-11-09 23:07:11.133  INFO 8524 --- [         task-1] com.zaxxer.hikari.HikariDataSource       : HikariPool-1 - Start completed.
2020-11-09 23:07:11.239  INFO 8524 --- [         task-1] org.hibernate.dialect.Dialect            : HHH000400: Using dialect: org.hibernate.dialect.PostgreSQL10Dialect
2020-11-09 23:07:12.081  INFO 8524 --- [    Test worker] DeferredRepositoryInitializationListener : Triggering deferred initialization of Spring Data repositories…
Hibernate: alter table if exists orders add constraint FKd2p23ixwrrt395glgi9nnbj23 foreign key (car_id) references cars
Hibernate: alter table if exists orders add constraint FK7nosokv7c57902ehamhb9nvke foreign key (usr_id) references usr
2020-11-09 23:07:14.207  INFO 8524 --- [         task-1] o.h.e.t.j.p.i.JtaPlatformInitiator       : HHH000490: Using JtaPlatform implementation: [org.hibernate.engine.transaction.jta.platform.internal.NoJtaPlatform]
2020-11-09 23:07:14.220  INFO 8524 --- [         task-1] j.LocalContainerEntityManagerFactoryBean : Initialized JPA EntityManagerFactory for persistence unit 'default'
2020-11-09 23:07:15.197  INFO 8524 --- [    Test worker] DeferredRepositoryInitializationListener : Spring Data repositories initialized!
2020-11-09 23:07:15.215  INFO 8524 --- [    Test worker] c.p.carent.repository.CarRepositoryTest  : Started CarRepositoryTest in 9.069 seconds (JVM running for 11.666)
Hibernate: update cars set description=?, rental_cost=?, number=? where id=?
Hibernate: select car0_.id as id1_0_, car0_.description as descript2_0_, car0_.number as number3_0_, car0_.rental_cost as rental_c4_0_ from cars car0_ where car0_.number=?
Hibernate: select orders0_.car_id as car_id4_1_0_, orders0_.id as id1_1_0_, orders0_.id as id1_1_1_, orders0_.add_date as add_date2_1_1_, orders0_.car_id as car_id4_1_1_, orders0_.rental_time as rental_t3_1_1_, orders0_.usr_id as usr_id5_1_1_ from orders orders0_ where orders0_.car_id=?
]]></system-out>
  <system-err><![CDATA[]]></system-err>
</testsuite>
